C51 COMPILER V9.60.7.0   MAIN                                                              09/19/2024 13:56:16 PAGE 1   


C51 COMPILER V9.60.7.0, COMPILATION OF MODULE MAIN
OBJECT MODULE PLACED IN .\Objects\main.obj
COMPILER INVOKED BY: D:\Keil_v5\C51\BIN\C51.EXE main.c OPTIMIZE(8,SPEED) BROWSE DEBUG OBJECTEXTEND PRINT(.\Listings\main
                    -.lst) TABS(2) OBJECT(.\Objects\main.obj)

line level    source

   1          #include <regx52.h>
   2          #include "lcd1602.h"
   3          #include "delay.h"
   4          #include "matrixkey.h"
   5          
   6          void main()
   7          {
   8   1        LCD_Init();
   9   1      //  LCD_ShowChar(1,1,'A');
  10   1      //  LCD_ShowString(1,3,"Hello World");
  11   1      //  LCD_ShowNum(2,1,56,2);
  12   1      //  LCD_ShowHexNum(2,4,0xAF,2);
  13   1      //  LCD_ShowBinNum(2,7,0xAF,8);
  14   1        while(1)
  15   1        {
  16   2          int num = matrixKey();
  17   2          if(num) LCD_ShowNum(1,1,num,2);
  18   2        }
  19   1      }


MODULE INFORMATION:   STATIC OVERLAYABLE
   CODE SIZE        =     33    ----
   CONSTANT SIZE    =   ----    ----
   XDATA SIZE       =   ----    ----
   PDATA SIZE       =   ----    ----
   DATA SIZE        =   ----       2
   IDATA SIZE       =   ----    ----
   BIT SIZE         =   ----    ----
END OF MODULE INFORMATION.


C51 COMPILATION COMPLETE.  0 WARNING(S),  0 ERROR(S)
