C51 COMPILER V9.60.7.0   MAIN                                                              09/18/2024 01:07:16 PAGE 1   


C51 COMPILER V9.60.7.0, COMPILATION OF MODULE MAIN
OBJECT MODULE PLACED IN .\Objects\main.obj
COMPILER INVOKED BY: D:\Keil_v5\C51\BIN\C51.EXE main.c OPTIMIZE(8,SPEED) BROWSE DEBUG OBJECTEXTEND PRINT(.\Listings\main
                    -.lst) TABS(2) OBJECT(.\Objects\main.obj)

line level    source

   1          #include <regx52.h>
   2          
   3          unsigned char table[] = 
   4          {0x3F,0x06,0x5B,0x4F,0x66,0x6D,0x7D,0x07,0x7F,0x6F,0x77,0x7C,0x39,0x5E,0x79,0x71,0x00};
   5          void delay(time)    //@11.0592MHz
   6          {
   7   1        int a;
   8   1        for(a = 0;a<time;a++)
   9   1        {
  10   2          unsigned char i, j;
  11   2          i = 2;
  12   2          j = 199;
  13   2          do
  14   2          {
  15   3            while (--j);
  16   3          } while (--i);
  17   2        }
  18   1      }
  19          
  20          void display(unsigned char address,num)
  21          {
  22   1        switch(address)
  23   1        {
  24   2          case 1: P2_4 = 1; P2_3 = 1; P2_2 = 1;break;
  25   2          case 2: P2_4 = 1; P2_3 = 1; P2_2 = 0;break;
  26   2          case 3: P2_4 = 1; P2_3 = 0; P2_2 = 1;break;
  27   2          case 4: P2_4 = 1; P2_3 = 0; P2_2 = 0;break;
  28   2          case 5: P2_4 = 0; P2_3 = 1; P2_2 = 1;break;
  29   2          case 6: P2_4 = 0; P2_3 = 1; P2_2 = 0;break;
  30   2          case 7: P2_4 = 0; P2_3 = 0; P2_2 = 1;break;
  31   2          case 8: P2_4 = 0; P2_3 = 0; P2_2 = 0;break;
  32   2        }
  33   1        P0 = table[num];
  34   1      }
  35          void main()
  36          {
  37   1        int i;
  38   1        for(i=0;i<16;i++)
  39   1        {
  40   2          display(1,i);
  41   2          delay(500);
  42   2        }
  43   1      }


MODULE INFORMATION:   STATIC OVERLAYABLE
   CODE SIZE        =    166    ----
   CONSTANT SIZE    =   ----    ----
   XDATA SIZE       =   ----    ----
   PDATA SIZE       =   ----    ----
   DATA SIZE        =     17       2
   IDATA SIZE       =   ----    ----
   BIT SIZE         =   ----    ----
END OF MODULE INFORMATION.

C51 COMPILER V9.60.7.0   MAIN                                                              09/18/2024 01:07:16 PAGE 2   


C51 COMPILATION COMPLETE.  0 WARNING(S),  0 ERROR(S)
