C51 COMPILER V9.60.7.0   MAIN                                                              09/17/2024 16:44:40 PAGE 1   


C51 COMPILER V9.60.7.0, COMPILATION OF MODULE MAIN
OBJECT MODULE PLACED IN .\Objects\main.obj
COMPILER INVOKED BY: D:\Keil_v5\C51\BIN\C51.EXE main.c OPTIMIZE(8,SPEED) BROWSE DEBUG OBJECTEXTEND PRINT(.\Listings\main
                    -.lst) TABS(2) OBJECT(.\Objects\main.obj)

line level    source

   1          #include <REGX52.H>
   2          #include <INTRINS.H>
   3          
   4          void Delay100ms()   //@11.0592MHz
   5          {
   6   1        unsigned char i, j;
   7   1      
   8   1        i = 180;
   9   1        j = 73;
  10   1        do
  11   1        {
  12   2          while (--j);
  13   2        } while (--i);
  14   1      }
  15          
  16          void main(){
  17   1        P2 = 0xFE;
  18   1        Delay100ms();
  19   1        P2 = 0xFD;
  20   1        Delay100ms();
  21   1        P2 = 0xFB;
  22   1        Delay100ms();
  23   1        P2 = 0xF7;
  24   1        Delay100ms();
  25   1        P2 = 0xEF;
  26   1        Delay100ms();
  27   1        P2 = 0xDF;
  28   1        Delay100ms();
  29   1        P2 = 0xBF;
  30   1        Delay100ms();
  31   1        P2 = 0x7F;
  32   1        Delay100ms();
  33   1      }


MODULE INFORMATION:   STATIC OVERLAYABLE
   CODE SIZE        =     57    ----
   CONSTANT SIZE    =   ----    ----
   XDATA SIZE       =   ----    ----
   PDATA SIZE       =   ----    ----
   DATA SIZE        =   ----    ----
   IDATA SIZE       =   ----    ----
   BIT SIZE         =   ----    ----
END OF MODULE INFORMATION.


C51 COMPILATION COMPLETE.  0 WARNING(S),  0 ERROR(S)
