C51 COMPILER V9.60.7.0   MAIN                                                              09/17/2024 19:56:04 PAGE 1   


C51 COMPILER V9.60.7.0, COMPILATION OF MODULE MAIN
OBJECT MODULE PLACED IN .\Objects\main.obj
COMPILER INVOKED BY: D:\Keil_v5\C51\BIN\C51.EXE main.c OPTIMIZE(8,SPEED) BROWSE DEBUG OBJECTEXTEND PRINT(.\Listings\main
                    -.lst) TABS(2) OBJECT(.\Objects\main.obj)

line level    source

   1          #include <regx52.h>
   2          #include <intrins.h>
   3          
   4          void Delay(time)    //@11.0592MHz
   5          {
   6   1        int a;
   7   1        for(a = 0;a<time;a++){
   8   2          unsigned char i, j;
   9   2          _nop_();
  10   2          i = 2;
  11   2          j = 199;
  12   2          do
  13   2          {
  14   3            while (--j);
  15   3          } while (--i);
  16   2        }
  17   1      }
  18          
  19          void main(){
  20   1      //  P2_0 = 0;
  21   1      //  Delay(500);
  22   1      //  P2_0 = 1;
  23   1      //  Delay(500);
  24   1        if(P3_1 == 0){
  25   2          Delay(20);
  26   2          while(P3_1 == 0);
  27   2          Delay(20);
  28   2          P2_0 = ~P2_0;
  29   2        }
  30   1      }


MODULE INFORMATION:   STATIC OVERLAYABLE
   CODE SIZE        =     60    ----
   CONSTANT SIZE    =   ----    ----
   XDATA SIZE       =   ----    ----
   PDATA SIZE       =   ----    ----
   DATA SIZE        =   ----       2
   IDATA SIZE       =   ----    ----
   BIT SIZE         =   ----    ----
END OF MODULE INFORMATION.


C51 COMPILATION COMPLETE.  0 WARNING(S),  0 ERROR(S)
