C51 COMPILER V9.54   I2C                                                                   10/20/2024 00:32:57 PAGE 1   


C51 COMPILER V9.54, COMPILATION OF MODULE I2C
OBJECT MODULE PLACED IN .\Objects\I2C.obj
COMPILER INVOKED BY: D:\Keil\Keil_v5\C51\BIN\C51.EXE I2C.c OPTIMIZE(8,SPEED) BROWSE DEBUG OBJECTEXTEND PRINT(.\Listings\
                    -I2C.lst) TABS(2) OBJECT(.\Objects\I2C.obj)

line level    source

   1          #include <regx52.h>
   2          
   3          sbit sda = P2^0;
   4          sbit scl = P2^1;
   5          
   6          void start(){
   7   1        sda = 1;
   8   1        scl = 1;
   9   1        sda = 0;
  10   1        scl = 0;
  11   1      }
  12          
  13          void end(){
  14   1        sda = 0;
  15   1        scl = 1;
  16   1        sda = 1;
  17   1      }
  18          
  19          void sendByte(unsigned char byte){
  20   1        unsigned char i;
  21   1        for(i = 0;i<8;i++){
  22   2          sda = byte&(0x80>>i);
  23   2          scl = 1;
  24   2          scl = 0;
  25   2        }
  26   1      }
  27          
  28          unsigned char recByte(){
  29   1        unsigned char i,byte = 0x00;
  30   1        sda = 1;
  31   1        for(i = 0;i<8;i++){
  32   2          scl = 1;
  33   2          if(sda)byte |= (0x80>>i);
  34   2          scl = 0;
  35   2        }
  36   1        return byte;
  37   1        
  38   1      }
  39          
  40          void sendAck(byte){
  41   1        sda = byte;
  42   1        scl = 1;
  43   1        scl = 0;
  44   1      }
  45          
  46          unsigned char recAck(){
  47   1        unsigned char ackBit;
  48   1        sda = 1;
  49   1        scl = 1;
  50   1        ackBit = sda;
  51   1        scl = 0;
  52   1        return ackBit;
  53   1      }

C51 COMPILER V9.54   I2C                                                                   10/20/2024 00:32:57 PAGE 2   


MODULE INFORMATION:   STATIC OVERLAYABLE
   CODE SIZE        =    110    ----
   CONSTANT SIZE    =   ----    ----
   XDATA SIZE       =   ----    ----
   PDATA SIZE       =   ----    ----
   DATA SIZE        =   ----    ----
   IDATA SIZE       =   ----    ----
   BIT SIZE         =   ----    ----
END OF MODULE INFORMATION.


C51 COMPILATION COMPLETE.  0 WARNING(S),  0 ERROR(S)
