C51 COMPILER V9.54   KEY                                                                   10/16/2024 11:18:17 PAGE 1   


C51 COMPILER V9.54, COMPILATION OF MODULE KEY
OBJECT MODULE PLACED IN .\Objects\key.obj
COMPILER INVOKED BY: D:\Keil\Keil_v5\C51\BIN\C51.EXE key.c OPTIMIZE(8,SPEED) BROWSE DEBUG OBJECTEXTEND PRINT(.\Listings\
                    -key.lst) TABS(2) OBJECT(.\Objects\key.obj)

line level    source

   1          #include <regx52.h>
   2          #include "delay.h"
   3          
   4          unsigned char key(){
   5   1        unsigned char keyNum = 0;
   6   1        if(P3_1 == 0){delay(10);while(P3_1 == 0);delay(10);keyNum = 1;}
   7   1        if(P3_0 == 0){delay(10);while(P3_0 == 0);delay(10);keyNum = 2;}
   8   1        if(P3_2 == 0){delay(10);while(P3_2 == 0);delay(10);keyNum = 3;}
   9   1        if(P3_3 == 0){delay(10);while(P3_3 == 0);delay(10);keyNum = 4;}
  10   1        return keyNum;
  11   1      }


MODULE INFORMATION:   STATIC OVERLAYABLE
   CODE SIZE        =     97    ----
   CONSTANT SIZE    =   ----    ----
   XDATA SIZE       =   ----    ----
   PDATA SIZE       =   ----    ----
   DATA SIZE        =   ----       1
   IDATA SIZE       =   ----    ----
   BIT SIZE         =   ----    ----
END OF MODULE INFORMATION.


C51 COMPILATION COMPLETE.  0 WARNING(S),  0 ERROR(S)
