C51 COMPILER V9.60.7.0   MAIN                                                              09/23/2024 00:01:26 PAGE 1   


C51 COMPILER V9.60.7.0, COMPILATION OF MODULE MAIN
OBJECT MODULE PLACED IN .\Objects\main.obj
COMPILER INVOKED BY: D:\Keil_v5\C51\BIN\C51.EXE main.c OPTIMIZE(8,SPEED) BROWSE DEBUG OBJECTEXTEND PRINT(.\Listings\main
                    -.lst) TABS(2) OBJECT(.\Objects\main.obj)

line level    source

   1          #include <regx52.h>
   2          #include "delay.h"
   3          
   4          sbit rclk = P3^5;
   5          sbit srclk = P3^6;
   6          sbit ser = P3^4;
   7          
   8          void write(unsigned char byte){
   9   1        int i =0;
  10   1        for(i;i<8;i++){
  11   2            ser = byte&0x80>>i;
  12   2            srclk = 1;
  13   2            srclk = 0;
  14   2          }
  15   1        rclk = 1;
  16   1        rclk = 0;
  17   1        
  18   1      }
  19          
  20          void display(x,y){
  21   1        write(y);
  22   1        P0 = ~(0x80>>x);
  23   1        delay(1);
  24   1        P0 = 0xFF;
  25   1      }
  26          
  27          void main()
  28          {
  29   1      //  uartInit();
  30   1        srclk = 0;
  31   1        rclk = 0;
  32   1      //  display(0,0x01);
  33   1        while(1)
  34   1        {
  35   2          display(0,0x30);
  36   2          display(1,0x78);
  37   2          display(2,0x7C);
  38   2          display(3,0x3E);
  39   2          display(4,0x3E);
  40   2          display(5,0x7C);
  41   2          display(6,0x78);
  42   2          display(7,0x30);
  43   2          
  44   2        }
  45   1      }


MODULE INFORMATION:   STATIC OVERLAYABLE
   CODE SIZE        =    174    ----
   CONSTANT SIZE    =   ----    ----
   XDATA SIZE       =   ----    ----
   PDATA SIZE       =   ----    ----
   DATA SIZE        =   ----    ----
   IDATA SIZE       =   ----    ----
C51 COMPILER V9.60.7.0   MAIN                                                              09/23/2024 00:01:26 PAGE 2   

   BIT SIZE         =   ----    ----
END OF MODULE INFORMATION.


C51 COMPILATION COMPLETE.  0 WARNING(S),  0 ERROR(S)
