C51 COMPILER V9.60.7.0   MATRIXKEY                                                         09/19/2024 15:29:59 PAGE 1   


C51 COMPILER V9.60.7.0, COMPILATION OF MODULE MATRIXKEY
OBJECT MODULE PLACED IN .\Objects\MatrixKey.obj
COMPILER INVOKED BY: D:\Keil_v5\C51\BIN\C51.EXE MatrixKey.c OPTIMIZE(8,SPEED) BROWSE DEBUG OBJECTEXTEND PRINT(.\Listings
                    -\MatrixKey.lst) TABS(2) OBJECT(.\Objects\MatrixKey.obj)

line level    source

   1          #include <regx52.h>
   2          #include "delay.h"
   3          
   4          int matrixKey(){
   5   1        int keyNum = 0;
   6   1        
   7   1        P1 = 0xFF;
   8   1        P1_3 = 0;
   9   1        if(P1_7 == 0){delay(10);while(P1_7 == 0);delay(10);keyNum = 1;}
  10   1        if(P1_6 == 0){delay(10);while(P1_6 == 0);delay(10);keyNum = 5;}
  11   1        if(P1_5 == 0){delay(10);while(P1_5 == 0);delay(10);keyNum = 9;}
  12   1        if(P1_4 == 0){delay(10);while(P1_4 == 0);delay(10);keyNum = 13;}
  13   1        
  14   1        P1_2 = 0;
  15   1        if(P1_7 == 0){delay(10);while(P1_7 == 0);delay(10);keyNum = 2;}
  16   1        if(P1_6 == 0){delay(10);while(P1_6 == 0);delay(10);keyNum = 6;}
  17   1        if(P1_5 == 0){delay(10);while(P1_5 == 0);delay(10);keyNum = 10;}
  18   1        if(P1_4 == 0){delay(10);while(P1_4 == 0);delay(10);keyNum = 14;}
  19   1        
  20   1        P1_1 = 0;
  21   1        if(P1_7 == 0){delay(10);while(P1_7 == 0);delay(10);keyNum = 3;}
  22   1        if(P1_6 == 0){delay(10);while(P1_6 == 0);delay(10);keyNum = 7;}
  23   1        if(P1_5 == 0){delay(10);while(P1_5 == 0);delay(10);keyNum = 11;}
  24   1        if(P1_4 == 0){delay(10);while(P1_4 == 0);delay(10);keyNum = 15;}
  25   1        
  26   1        P1_0 = 0;
  27   1        if(P1_7 == 0){delay(10);while(P1_7 == 0);delay(10);keyNum = 4;}
  28   1        if(P1_6 == 0){delay(10);while(P1_6 == 0);delay(10);keyNum = 8;}
  29   1        if(P1_5 == 0){delay(10);while(P1_5 == 0);delay(10);keyNum = 12;}
  30   1        if(P1_4 == 0){delay(10);while(P1_4 == 0);delay(10);keyNum = 16;}
  31   1        
  32   1        return keyNum;
  33   1      }


MODULE INFORMATION:   STATIC OVERLAYABLE
   CODE SIZE        =    436    ----
   CONSTANT SIZE    =   ----    ----
   XDATA SIZE       =   ----    ----
   PDATA SIZE       =   ----    ----
   DATA SIZE        =   ----       2
   IDATA SIZE       =   ----    ----
   BIT SIZE         =   ----    ----
END OF MODULE INFORMATION.


C51 COMPILATION COMPLETE.  0 WARNING(S),  0 ERROR(S)
