C51 COMPILER V9.60.7.0   MAIN                                                              09/17/2024 23:10:56 PAGE 1   


C51 COMPILER V9.60.7.0, COMPILATION OF MODULE MAIN
OBJECT MODULE PLACED IN .\Objects\main.obj
COMPILER INVOKED BY: D:\Keil_v5\C51\BIN\C51.EXE main.c OPTIMIZE(8,SPEED) BROWSE DEBUG OBJECTEXTEND PRINT(.\Listings\main
                    -.lst) TABS(2) OBJECT(.\Objects\main.obj)

line level    source

   1          #include <regx52.h>
   2          #include <stdio.h>
   3          
   4          void delay(time)    //@11.0592MHz
   5          {
   6   1        int a;
   7   1        for(a = 0;a<time;a++)
   8   1        {
   9   2          unsigned char i, j;
  10   2          i = 2;
  11   2          j = 199;
  12   2          do
  13   2          {
  14   3            while (--j);
  15   3          } while (--i);
  16   2        }
  17   1      }
  18          
  19          void main(){
  20   1        unsigned char num = 0;
  21   1        unsigned char a;
  22   1        while(1)
  23   1        {
  24   2          if(P3_1 == 0)
  25   2          {
  26   3            delay(20);
  27   3            while(P3_1 == 0);
  28   3            delay(20);
  29   3            if(num>=8) num = 0;
  30   3            P2 = ~(0x01<<num);
  31   3            num++;
  32   3          }
  33   2          else if(P3_2 == 0)
  34   2          {
  35   3            delay(20);
  36   3            while(P3_2 == 0);
  37   3            delay(20);
  38   3            if(num<=0) num = 9;
  39   3            a = 9-num;
  40   3            P2 = ~(0x80>>a);
  41   3            num--;
  42   3          }
  43   2        }
  44   1      }


MODULE INFORMATION:   STATIC OVERLAYABLE
   CODE SIZE        =    120    ----
   CONSTANT SIZE    =   ----    ----
   XDATA SIZE       =   ----    ----
   PDATA SIZE       =   ----    ----
   DATA SIZE        =   ----       2
   IDATA SIZE       =   ----    ----
   BIT SIZE         =   ----    ----
C51 COMPILER V9.60.7.0   MAIN                                                              09/17/2024 23:10:56 PAGE 2   

END OF MODULE INFORMATION.


C51 COMPILATION COMPLETE.  0 WARNING(S),  0 ERROR(S)
