C51 COMPILER V9.60.7.0   MAIN                                                              09/20/2024 20:12:37 PAGE 1   


C51 COMPILER V9.60.7.0, COMPILATION OF MODULE MAIN
OBJECT MODULE PLACED IN .\Objects\main.obj
COMPILER INVOKED BY: D:\Keil_v5\C51\BIN\C51.EXE main.c OPTIMIZE(8,SPEED) BROWSE DEBUG OBJECTEXTEND PRINT(.\Listings\main
                    -.lst) TABS(2) OBJECT(.\Objects\main.obj)

line level    source

   1          #include <regx52.h>
   2          #include <intrins.h>
   3          #include "timer0.h"
   4          #include "key.h"
   5          #include "lcd1602.h"
   6          
   7          unsigned char keyNum,ledMode;
   8          
   9          //void Timer0_Init(){
  10          //  
  11          ////  AUXR &= 0x7F;   //定时器时钟12T模式
  12          //  TMOD &= 0xF0;   //设置定时器模式
  13          //  TMOD |= 0x01;   //设置定时器模式
  14          //  TL0 = 0x66;   //设置定时初值
  15          //  TH0 = 0xFC;   //设置定时初值
  16          //  TF0 = 0;    //清除TF0标志
  17          //  TR0 = 1;    //定时器0开始计时
  18          //  ET0 = 1;
  19          //  EA = 1;
  20          //  PT0 = 0;
  21          //}
  22          
  23          void main()
  24          {
  25   1        LCD_Init();
  26   1        P2 = 0xFE;
  27   1        Timer0_Init();
  28   1        while(1)
  29   1        {
  30   2          keyNum = key();
*** WARNING C206 IN LINE 30 OF main.c: 'key': missing function-prototype
  31   2          if(keyNum){
  32   3            if(keyNum == 1){
  33   4              ledMode++;
  34   4              if(ledMode>1)ledMode = 0;
  35   4            }
  36   3            if(keyNum == 2)P2_2 = ~P2_2;
  37   3            if(keyNum == 3)P2_3 = ~P2_3;
  38   3            if(keyNum == 4)P2_4 = ~P2_4;
  39   3          }
  40   2        }
  41   1      }
  42          
  43          
  44          void Timer0_Routine() interrupt 1{
  45   1        static unsigned int T0Count;
  46   1        TL0 = 0x66;   //设置定时初值
  47   1        TH0 = 0xFC;   //设置定时初值
  48   1        T0Count++;
  49   1        if(T0Count >= 500){
  50   2          T0Count = 0;
  51   2          if(ledMode == 0)
  52   2            P2 = _crol_(P2,1);
  53   2          if(ledMode == 1)
C51 COMPILER V9.60.7.0   MAIN                                                              09/20/2024 20:12:37 PAGE 2   

  54   2            P2 = _cror_(P2,1);
  55   2        }
  56   1      }


MODULE INFORMATION:   STATIC OVERLAYABLE
   CODE SIZE        =    140    ----
   CONSTANT SIZE    =   ----    ----
   XDATA SIZE       =   ----    ----
   PDATA SIZE       =   ----    ----
   DATA SIZE        =      4    ----
   IDATA SIZE       =   ----    ----
   BIT SIZE         =   ----    ----
END OF MODULE INFORMATION.


C51 COMPILATION COMPLETE.  1 WARNING(S),  0 ERROR(S)
