C51 COMPILER V9.54   DELAY                                                                 10/16/2024 11:18:17 PAGE 1   


C51 COMPILER V9.54, COMPILATION OF MODULE DELAY
OBJECT MODULE PLACED IN .\Objects\delay.obj
COMPILER INVOKED BY: D:\Keil\Keil_v5\C51\BIN\C51.EXE delay.c OPTIMIZE(8,SPEED) BROWSE DEBUG OBJECTEXTEND PRINT(.\Listing
                    -s\delay.lst) TABS(2) OBJECT(.\Objects\delay.obj)

line level    source

   1          void delay(time)    //@11.0592MHz
   2          {
   3   1        int a;
   4   1        for(a = 0;a<time;a++)
   5   1        {
   6   2          unsigned char i, j;
   7   2          i = 2;
   8   2          j = 199;
   9   2          do
  10   2          {
  11   3            while (--j);
  12   3          } while (--i);
  13   2      //    i = 43;
  14   2      //    while (--i);
  15   2        }
  16   1      }


MODULE INFORMATION:   STATIC OVERLAYABLE
   CODE SIZE        =     36    ----
   CONSTANT SIZE    =   ----    ----
   XDATA SIZE       =   ----    ----
   PDATA SIZE       =   ----    ----
   DATA SIZE        =   ----       2
   IDATA SIZE       =   ----    ----
   BIT SIZE         =   ----    ----
END OF MODULE INFORMATION.


C51 COMPILATION COMPLETE.  0 WARNING(S),  0 ERROR(S)
