C51 COMPILER V9.60.7.0   MAIN                                                              09/20/2024 01:20:17 PAGE 1   


C51 COMPILER V9.60.7.0, COMPILATION OF MODULE MAIN
OBJECT MODULE PLACED IN .\Objects\main.obj
COMPILER INVOKED BY: D:\Keil_v5\C51\BIN\C51.EXE main.c OPTIMIZE(8,SPEED) BROWSE DEBUG OBJECTEXTEND PRINT(.\Listings\main
                    -.lst) TABS(2) OBJECT(.\Objects\main.obj)

line level    source

   1          #include <regx52.h>
   2          #include <intrins.h>
   3          #include "timer0.h"
   4          #include "key.h"
   5          
   6          unsigned char keyNum,ledMode;
   7          
   8          //void Timer0_Init(){
   9          //  
  10          ////  AUXR &= 0x7F;   //定时器时钟12T模式
  11          //  TMOD &= 0xF0;   //设置定时器模式
  12          //  TMOD |= 0x01;   //设置定时器模式
  13          //  TL0 = 0x66;   //设置定时初值
  14          //  TH0 = 0xFC;   //设置定时初值
  15          //  TF0 = 0;    //清除TF0标志
  16          //  TR0 = 1;    //定时器0开始计时
  17          //  ET0 = 1;
  18          //  EA = 1;
  19          //  PT0 = 0;
  20          //}
  21          
  22          void main()
  23          {
  24   1        P2 = 0xFE;
  25   1        Timer0_Init();
  26   1        while(1)
  27   1        {
  28   2          keyNum = key();
*** WARNING C206 IN LINE 28 OF main.c: 'key': missing function-prototype
  29   2          if(keyNum){
  30   3            if(keyNum == 1){
  31   4              ledMode++;
  32   4              if(ledMode>1)ledMode = 0;
  33   4            }
  34   3            if(keyNum == 2)P2_2 = ~P2_2;
  35   3            if(keyNum == 3)P2_3 = ~P2_3;
  36   3            if(keyNum == 4)P2_4 = ~P2_4;
  37   3          }
  38   2        }
  39   1      }
  40          
  41          
  42          void Timer0_Routine() interrupt 1{
  43   1        static unsigned int T0Count;
  44   1        TL0 = 0x66;   //设置定时初值
  45   1        TH0 = 0xFC;   //设置定时初值
  46   1        T0Count++;
  47   1        if(T0Count >= 500){
  48   2          T0Count = 0;
  49   2          if(ledMode == 0)
  50   2            P2 = _crol_(P2,1);
  51   2          if(ledMode == 1)
  52   2            P2 = _cror_(P2,1);
  53   2        }
C51 COMPILER V9.60.7.0   MAIN                                                              09/20/2024 01:20:17 PAGE 2   

  54   1      }


MODULE INFORMATION:   STATIC OVERLAYABLE
   CODE SIZE        =    137    ----
   CONSTANT SIZE    =   ----    ----
   XDATA SIZE       =   ----    ----
   PDATA SIZE       =   ----    ----
   DATA SIZE        =      4    ----
   IDATA SIZE       =   ----    ----
   BIT SIZE         =   ----    ----
END OF MODULE INFORMATION.


C51 COMPILATION COMPLETE.  1 WARNING(S),  0 ERROR(S)
