C51 COMPILER V9.60.7.0   MAIN                                                              09/20/2024 23:57:14 PAGE 1   


C51 COMPILER V9.60.7.0, COMPILATION OF MODULE MAIN
OBJECT MODULE PLACED IN .\Objects\main.obj
COMPILER INVOKED BY: D:\Keil_v5\C51\BIN\C51.EXE main.c OPTIMIZE(8,SPEED) BROWSE DEBUG OBJECTEXTEND PRINT(.\Listings\main
                    -.lst) TABS(2) OBJECT(.\Objects\main.obj)

line level    source

   1          #include <regx52.h>
   2          #include "delay.h"
   3          #include "uart.h"
   4          
   5          
   6          void main()
   7          {
   8   1        uartInit();
   9   1        while(1)
  10   1        {
  11   2          
  12   2        }
  13   1      }
  14          
  15          void uartRoutine() interrupt 4{
  16   1        if(RI == 1){
  17   2          P2= SBUF;
  18   2          uartSend(SBUF);
  19   2          RI = 0;
  20   2        }
  21   1      }


MODULE INFORMATION:   STATIC OVERLAYABLE
   CODE SIZE        =     74    ----
   CONSTANT SIZE    =   ----    ----
   XDATA SIZE       =   ----    ----
   PDATA SIZE       =   ----    ----
   DATA SIZE        =   ----    ----
   IDATA SIZE       =   ----    ----
   BIT SIZE         =   ----    ----
END OF MODULE INFORMATION.


C51 COMPILATION COMPLETE.  0 WARNING(S),  0 ERROR(S)
