C51 COMPILER V9.60.7.0   UART                                                              09/20/2024 23:49:22 PAGE 1   


C51 COMPILER V9.60.7.0, COMPILATION OF MODULE UART
OBJECT MODULE PLACED IN .\Objects\uart.obj
COMPILER INVOKED BY: D:\Keil_v5\C51\BIN\C51.EXE uart.c OPTIMIZE(8,SPEED) BROWSE DEBUG OBJECTEXTEND PRINT(.\Listings\uart
                    -.lst) TABS(2) OBJECT(.\Objects\uart.obj)

line level    source

   1          #include <regx52.h>
   2          
   3          void uartInit(){
   4   1        PCON |= 0x80;   //使能波特率倍速位SMOD
   5   1        SCON = 0x50;    //8位数据,可变波特率
   6   1        TMOD &= 0x0F;   //清除定时器1模式位
   7   1        TMOD |= 0x20;   //设定定时器1为8位自动重装方式
   8   1        TL1 = 0xF4;   //设定定时初值
   9   1        TH1 = 0xF4;   //设定定时器重装值
  10   1        ET1 = 0;    //禁止定时器1中断
  11   1        TR1 = 1;    //启动定时器1
  12   1        EA = 1;
  13   1        ES = 1;
  14   1      //  PCON &= 0x7F;   //波特率不倍速
  15   1      //  SCON = 0x50;    //8位数据,可变波特率
  16   1      //  TMOD &= 0x0F;   //清除定时器1模式位
  17   1      //  TMOD |= 0x20;   //设定定时器1为8位自动重装方式
  18   1      //  TL1 = 0xFA;   //设定定时初值
  19   1      //  TH1 = 0xFA;   //设定定时器重装值
  20   1      //  ET1 = 0;    //禁止定时器1中断
  21   1      //  TR1 = 1;
  22   1      }
  23          
  24          void uartSend(unsigned char a){
  25   1        SBUF = a;
  26   1        while(TI == 0);
  27   1        TI = 0; 
  28   1      }
  29          
  30          


MODULE INFORMATION:   STATIC OVERLAYABLE
   CODE SIZE        =     35    ----
   CONSTANT SIZE    =   ----    ----
   XDATA SIZE       =   ----    ----
   PDATA SIZE       =   ----    ----
   DATA SIZE        =   ----    ----
   IDATA SIZE       =   ----    ----
   BIT SIZE         =   ----    ----
END OF MODULE INFORMATION.


C51 COMPILATION COMPLETE.  0 WARNING(S),  0 ERROR(S)
