C51 COMPILER V9.60.7.0   MAIN                                                              09/24/2024 23:11:15 PAGE 1   


C51 COMPILER V9.60.7.0, COMPILATION OF MODULE MAIN
OBJECT MODULE PLACED IN .\Objects\main.obj
COMPILER INVOKED BY: D:\Keil_v5\C51\BIN\C51.EXE main.c OPTIMIZE(8,SPEED) BROWSE DEBUG OBJECTEXTEND PRINT(.\Listings\main
                    -.lst) TABS(2) OBJECT(.\Objects\main.obj)

line level    source

   1          #include <regx52.h>
   2          #include "lcd1602.h"
   3          #include "ds1302.h"
   4          
   5          void main()
   6          {
   7   1        LCD_Init();
   8   1        init();
   9   1        ds_setTime();
  10   1        LCD_ShowString(1,1,"  -  -  ");
  11   1        LCD_ShowString(2,1,"  :  :  ");
  12   1        while(1)
  13   1        {
  14   2          ds_readTime();
  15   2          LCD_ShowNum(1,1,ds_time[0],2);
  16   2          LCD_ShowNum(1,4,ds_time[1],2);
  17   2          LCD_ShowNum(1,7,ds_time[2],2);
  18   2          LCD_ShowNum(2,1,ds_time[3],2);
  19   2          LCD_ShowNum(2,4,ds_time[4],2);
  20   2          LCD_ShowNum(2,7,ds_time[5],2);
  21   2        }
  22   1      }


MODULE INFORMATION:   STATIC OVERLAYABLE
   CODE SIZE        =    130    ----
   CONSTANT SIZE    =     18    ----
   XDATA SIZE       =   ----    ----
   PDATA SIZE       =   ----    ----
   DATA SIZE        =   ----    ----
   IDATA SIZE       =   ----    ----
   BIT SIZE         =   ----    ----
END OF MODULE INFORMATION.


C51 COMPILATION COMPLETE.  0 WARNING(S),  0 ERROR(S)
