C51 COMPILER V9.60.7.0   MAIN                                                              09/18/2024 14:30:10 PAGE 1   


C51 COMPILER V9.60.7.0, COMPILATION OF MODULE MAIN
OBJECT MODULE PLACED IN .\Objects\main.obj
COMPILER INVOKED BY: D:\Keil_v5\C51\BIN\C51.EXE main.c OPTIMIZE(8,SPEED) BROWSE DEBUG OBJECTEXTEND PRINT(.\Listings\main
                    -.lst) TABS(2) OBJECT(.\Objects\main.obj)

line level    source

   1          #include <regx52.h>
   2          #include "delay.h"
   3          #include "display.h"
   4          
   5          //void delay(time)    //@11.0592MHz
   6          //{
   7          //  int a;
   8          //  for(a = 0;a<time;a++)
   9          //  {
  10          //    unsigned char i, j;
  11          ////    i = 2;
  12          ////    j = 199;
  13          ////    do
  14          ////    {
  15          ////      while (--j);
  16          ////    } while (--i);
  17          //    i = 43;
  18          //    while (--i);
  19          //  }
  20          //}
  21          
  22          
  23          void main()
  24          {
  25   1        int time = 1;
  26   1        display(1,11);
  27   1        delay(time);
  28   1        display(2,12);
  29   1        delay(time);
  30   1        display(3,13);
  31   1        delay(time);
  32   1        display(4,14);
  33   1        delay(time);
  34   1        display(5,15);
  35   1        delay(time);
  36   1        display(6,6);
  37   1        delay(time);
  38   1        display(7,7);
  39   1        delay(time);
  40   1        display(8,0);
  41   1        delay(time);
  42   1      }


MODULE INFORMATION:   STATIC OVERLAYABLE
   CODE SIZE        =    133    ----
   CONSTANT SIZE    =   ----    ----
   XDATA SIZE       =   ----    ----
   PDATA SIZE       =   ----    ----
   DATA SIZE        =   ----       2
   IDATA SIZE       =   ----    ----
   BIT SIZE         =   ----    ----
END OF MODULE INFORMATION.


C51 COMPILATION COMPLETE.  0 WARNING(S),  0 ERROR(S)
