C51 COMPILER V9.60.7.0   MAIN                                                              09/17/2024 20:49:30 PAGE 1   


C51 COMPILER V9.60.7.0, COMPILATION OF MODULE MAIN
OBJECT MODULE PLACED IN .\Objects\main.obj
COMPILER INVOKED BY: D:\Keil_v5\C51\BIN\C51.EXE main.c OPTIMIZE(8,SPEED) BROWSE DEBUG OBJECTEXTEND PRINT(.\Listings\main
                    -.lst) TABS(2) OBJECT(.\Objects\main.obj)

line level    source

   1          #include <regx52.h>
   2          
   3          void delay(time)    //@11.0592MHz
   4          {
   5   1        int a;
   6   1        for(a = 0;a<time;a++)
   7   1        {
   8   2          unsigned char i, j;
   9   2          i = 2;
  10   2          j = 199;
  11   2          do
  12   2          {
  13   3            while (--j);
  14   3          } while (--i);
  15   2        }
  16   1      }
  17          
  18          void main(){
  19   1        unsigned char LEDNum = 0;
  20   1          if(P3_1==0)
  21   1          {
  22   2            delay(20);
  23   2            while(P3_1 == 0);
  24   2            delay(20);
  25   2      
  26   2            LEDNum++;
  27   2            P2 = ~LEDNum;
  28   2          }
  29   1      }


MODULE INFORMATION:   STATIC OVERLAYABLE
   CODE SIZE        =     63    ----
   CONSTANT SIZE    =   ----    ----
   XDATA SIZE       =   ----    ----
   PDATA SIZE       =   ----    ----
   DATA SIZE        =   ----       2
   IDATA SIZE       =   ----    ----
   BIT SIZE         =   ----    ----
END OF MODULE INFORMATION.


C51 COMPILATION COMPLETE.  0 WARNING(S),  0 ERROR(S)
